<?xml version="1.0" encoding="UTF-8"?>
<!-- Generated by org.testng.reporters.JUnitReportReporter -->
<testsuite skipped="2" hostname="DESKTOP-CILVA06" name="testcases.ApplicationTest" tests="3" failures="0" timestamp="2021-02-10T11:12:34 EST" time="0.022" errors="0">
  <testcase name="dologin" time="0.020" classname="testcases.ApplicationTest">
    <skipped/>
  </testcase> <!-- dologin -->
  <system-out/>
  <testcase name="doPasswordChange" time="0.001" classname="testcases.ApplicationTest">
    <skipped/>
  </testcase> <!-- doPasswordChange -->
  <system-out/>
  <testcase name="doLogout" time="0.001" classname="testcases.ApplicationTest"/>
  <system-out/>
</testsuite> <!-- testcases.ApplicationTest -->
